2024-04-23 15:29:18 startup archives unpack
2024-04-23 15:29:18 install efibootmgr:amd64 <none> 18-1build2
2024-04-23 15:29:18 status half-installed efibootmgr:amd64 18-1build2
2024-04-23 15:29:18 status triggers-pending man-db:amd64 2.12.0-4build2
2024-04-23 15:29:18 status unpacked efibootmgr:amd64 18-1build2
2024-04-23 15:29:18 install grub-efi-amd64-bin:amd64 <none> 2.12-1ubuntu7
2024-04-23 15:29:18 status half-installed grub-efi-amd64-bin:amd64 2.12-1ubuntu7
2024-04-23 15:29:18 status unpacked grub-efi-amd64-bin:amd64 2.12-1ubuntu7
2024-04-23 15:29:18 install grub-efi-amd64-signed:amd64 <none> 1.202+2.12-1ubuntu7
2024-04-23 15:29:18 status half-installed grub-efi-amd64-signed:amd64 1.202+2.12-1ubuntu7
2024-04-23 15:29:18 status unpacked grub-efi-amd64-signed:amd64 1.202+2.12-1ubuntu7
2024-04-23 15:29:18 install mokutil:amd64 <none> 0.6.0-2build3
2024-04-23 15:29:18 status half-installed mokutil:amd64 0.6.0-2build3
2024-04-23 15:29:18 status unpacked mokutil:amd64 0.6.0-2build3
2024-04-23 15:29:18 install shim-signed:amd64 <none> 1.58+15.8-0ubuntu1
2024-04-23 15:29:18 status half-installed shim-signed:amd64 1.58+15.8-0ubuntu1
2024-04-23 15:29:18 status unpacked shim-signed:amd64 1.58+15.8-0ubuntu1
2024-04-23 15:29:18 startup packages configure
2024-04-23 15:29:18 configure efibootmgr:amd64 18-1build2 <none>
2024-04-23 15:29:18 status unpacked efibootmgr:amd64 18-1build2
2024-04-23 15:29:18 status half-configured efibootmgr:amd64 18-1build2
2024-04-23 15:29:18 status installed efibootmgr:amd64 18-1build2
2024-04-23 15:29:18 configure mokutil:amd64 0.6.0-2build3 <none>
2024-04-23 15:29:18 status unpacked mokutil:amd64 0.6.0-2build3
2024-04-23 15:29:18 status half-configured mokutil:amd64 0.6.0-2build3
2024-04-23 15:29:18 status installed mokutil:amd64 0.6.0-2build3
2024-04-23 15:29:18 configure grub-efi-amd64-bin:amd64 2.12-1ubuntu7 <none>
2024-04-23 15:29:18 status unpacked grub-efi-amd64-bin:amd64 2.12-1ubuntu7
2024-04-23 15:29:18 status half-configured grub-efi-amd64-bin:amd64 2.12-1ubuntu7
2024-04-23 15:29:18 status installed grub-efi-amd64-bin:amd64 2.12-1ubuntu7
2024-04-23 15:29:18 configure grub-efi-amd64-signed:amd64 1.202+2.12-1ubuntu7 <none>
2024-04-23 15:29:18 status unpacked grub-efi-amd64-signed:amd64 1.202+2.12-1ubuntu7
2024-04-23 15:29:18 status half-configured grub-efi-amd64-signed:amd64 1.202+2.12-1ubuntu7
2024-04-23 15:29:18 status installed grub-efi-amd64-signed:amd64 1.202+2.12-1ubuntu7
2024-04-23 15:29:18 configure shim-signed:amd64 1.58+15.8-0ubuntu1 <none>
2024-04-23 15:29:18 status unpacked shim-signed:amd64 1.58+15.8-0ubuntu1
2024-04-23 15:29:18 status half-configured shim-signed:amd64 1.58+15.8-0ubuntu1
2024-04-23 15:29:18 status installed shim-signed:amd64 1.58+15.8-0ubuntu1
2024-04-23 15:29:18 trigproc man-db:amd64 2.12.0-4build2 <none>
2024-04-23 15:29:18 status half-configured man-db:amd64 2.12.0-4build2
2024-04-23 15:29:19 status installed man-db:amd64 2.12.0-4build2
2024-04-23 15:31:02 startup packages remove
2024-04-23 15:31:02 status installed linux-virtual:amd64 6.8.0-31.31
2024-04-23 15:31:02 remove linux-virtual:amd64 6.8.0-31.31 <none>
2024-04-23 15:31:02 status half-configured linux-virtual:amd64 6.8.0-31.31
2024-04-23 15:31:03 status half-installed linux-virtual:amd64 6.8.0-31.31
2024-04-23 15:31:03 status config-files linux-virtual:amd64 6.8.0-31.31
2024-04-23 15:31:03 status not-installed linux-virtual:amd64 <none>
2024-04-23 15:31:03 status installed linux-headers-virtual:amd64 6.8.0-31.31
2024-04-23 15:31:03 remove linux-headers-virtual:amd64 6.8.0-31.31 <none>
2024-04-23 15:31:03 status half-configured linux-headers-virtual:amd64 6.8.0-31.31
2024-04-23 15:31:03 status half-installed linux-headers-virtual:amd64 6.8.0-31.31
2024-04-23 15:31:03 status config-files linux-headers-virtual:amd64 6.8.0-31.31
2024-04-23 15:31:03 status not-installed linux-headers-virtual:amd64 <none>
2024-04-23 15:31:03 status installed linux-headers-generic:amd64 6.8.0-31.31
2024-04-23 15:31:03 remove linux-headers-generic:amd64 6.8.0-31.31 <none>
2024-04-23 15:31:03 status half-configured linux-headers-generic:amd64 6.8.0-31.31
2024-04-23 15:31:03 status half-installed linux-headers-generic:amd64 6.8.0-31.31
2024-04-23 15:31:03 status config-files linux-headers-generic:amd64 6.8.0-31.31
2024-04-23 15:31:03 status not-installed linux-headers-generic:amd64 <none>
2024-04-23 15:31:03 status installed linux-headers-6.8.0-31-generic:amd64 6.8.0-31.31
2024-04-23 15:31:03 remove linux-headers-6.8.0-31-generic:amd64 6.8.0-31.31 <none>
2024-04-23 15:31:03 status half-configured linux-headers-6.8.0-31-generic:amd64 6.8.0-31.31
2024-04-23 15:31:03 status half-installed linux-headers-6.8.0-31-generic:amd64 6.8.0-31.31
2024-04-23 15:31:03 status config-files linux-headers-6.8.0-31-generic:amd64 6.8.0-31.31
2024-04-23 15:31:03 status not-installed linux-headers-6.8.0-31-generic:amd64 <none>
2024-04-23 15:31:03 status installed linux-headers-6.8.0-31:all 6.8.0-31.31
2024-04-23 15:31:03 remove linux-headers-6.8.0-31:all 6.8.0-31.31 <none>
2024-04-23 15:31:03 status half-configured linux-headers-6.8.0-31:all 6.8.0-31.31
2024-04-23 15:31:03 status half-installed linux-headers-6.8.0-31:all 6.8.0-31.31
2024-04-23 15:31:03 status config-files linux-headers-6.8.0-31:all 6.8.0-31.31
2024-04-23 15:31:03 status not-installed linux-headers-6.8.0-31:all <none>
2024-04-23 15:31:03 status installed linux-image-virtual:amd64 6.8.0-31.31
2024-04-23 15:31:03 remove linux-image-virtual:amd64 6.8.0-31.31 <none>
2024-04-23 15:31:03 status half-configured linux-image-virtual:amd64 6.8.0-31.31
2024-04-23 15:31:03 status half-installed linux-image-virtual:amd64 6.8.0-31.31
2024-04-23 15:31:03 status config-files linux-image-virtual:amd64 6.8.0-31.31
2024-04-23 15:31:03 status not-installed linux-image-virtual:amd64 <none>
2024-04-23 15:31:03 status installed linux-image-6.8.0-31-generic:amd64 6.8.0-31.31
2024-04-23 15:31:03 remove linux-image-6.8.0-31-generic:amd64 6.8.0-31.31 <none>
2024-04-23 15:31:03 status half-configured linux-image-6.8.0-31-generic:amd64 6.8.0-31.31
2024-04-23 15:31:03 status half-installed linux-image-6.8.0-31-generic:amd64 6.8.0-31.31
2024-04-23 15:31:04 status config-files linux-image-6.8.0-31-generic:amd64 6.8.0-31.31
2024-04-23 15:31:04 status installed linux-modules-6.8.0-31-generic:amd64 6.8.0-31.31
2024-04-23 15:31:04 remove linux-modules-6.8.0-31-generic:amd64 6.8.0-31.31 <none>
2024-04-23 15:31:04 status half-configured linux-modules-6.8.0-31-generic:amd64 6.8.0-31.31
2024-04-23 15:31:04 status half-installed linux-modules-6.8.0-31-generic:amd64 6.8.0-31.31
2024-04-23 15:31:04 status config-files linux-modules-6.8.0-31-generic:amd64 6.8.0-31.31
2024-04-23 15:31:04 startup packages configure
2024-04-23 15:31:04 startup packages purge
2024-04-23 15:31:04 purge linux-modules-6.8.0-31-generic:amd64 6.8.0-31.31 <none>
2024-04-23 15:31:04 status config-files linux-modules-6.8.0-31-generic:amd64 6.8.0-31.31
2024-04-23 15:31:04 status not-installed linux-modules-6.8.0-31-generic:amd64 <none>
2024-04-23 15:31:04 purge linux-image-6.8.0-31-generic:amd64 6.8.0-31.31 <none>
2024-04-23 15:31:04 status config-files linux-image-6.8.0-31-generic:amd64 6.8.0-31.31
2024-04-23 15:31:04 status not-installed linux-image-6.8.0-31-generic:amd64 <none>
2024-04-23 15:31:04 startup packages configure
2024-04-23 15:31:07 startup archives unpack
2024-04-23 15:31:07 install libllvm18:amd64 <none> 1:18.1.3-1
2024-04-23 15:31:07 status triggers-pending libc-bin:amd64 2.39-0ubuntu8
2024-04-23 15:31:07 status half-installed libllvm18:amd64 1:18.1.3-1
2024-04-23 15:31:08 status unpacked libllvm18:amd64 1:18.1.3-1
2024-04-23 15:31:08 install libclang-cpp18:amd64 <none> 1:18.1.3-1
2024-04-23 15:31:08 status half-installed libclang-cpp18:amd64 1:18.1.3-1
2024-04-23 15:31:09 status unpacked libclang-cpp18:amd64 1:18.1.3-1
2024-04-23 15:31:09 install libbpfcc:amd64 <none> 0.29.1+ds-1ubuntu7
2024-04-23 15:31:09 status half-installed libbpfcc:amd64 0.29.1+ds-1ubuntu7
2024-04-23 15:31:09 status unpacked libbpfcc:amd64 0.29.1+ds-1ubuntu7
2024-04-23 15:31:09 install python3-bpfcc:all <none> 0.29.1+ds-1ubuntu7
2024-04-23 15:31:09 status half-installed python3-bpfcc:all 0.29.1+ds-1ubuntu7
2024-04-23 15:31:09 status unpacked python3-bpfcc:all 0.29.1+ds-1ubuntu7
2024-04-23 15:31:09 install ieee-data:all <none> 20220827.1
2024-04-23 15:31:09 status half-installed ieee-data:all 20220827.1
2024-04-23 15:31:09 status triggers-pending man-db:amd64 2.12.0-4build2
2024-04-23 15:31:09 status unpacked ieee-data:all 20220827.1
2024-04-23 15:31:09 install python3-netaddr:all <none> 0.8.0-2ubuntu1
2024-04-23 15:31:09 status half-installed python3-netaddr:all 0.8.0-2ubuntu1
2024-04-23 15:31:09 status unpacked python3-netaddr:all 0.8.0-2ubuntu1
2024-04-23 15:31:09 install bpfcc-tools:all <none> 0.29.1+ds-1ubuntu7
2024-04-23 15:31:09 status half-installed bpfcc-tools:all 0.29.1+ds-1ubuntu7
2024-04-23 15:31:09 status unpacked bpfcc-tools:all 0.29.1+ds-1ubuntu7
2024-04-23 15:31:09 install libclang1-18:amd64 <none> 1:18.1.3-1
2024-04-23 15:31:09 status half-installed libclang1-18:amd64 1:18.1.3-1
2024-04-23 15:31:09 status unpacked libclang1-18:amd64 1:18.1.3-1
2024-04-23 15:31:09 install bpftrace:amd64 <none> 0.20.2-1ubuntu4
2024-04-23 15:31:09 status half-installed bpftrace:amd64 0.20.2-1ubuntu4
2024-04-23 15:31:09 status unpacked bpftrace:amd64 0.20.2-1ubuntu4
2024-04-23 15:31:09 install fonts-dejavu-mono:all <none> 2.37-8
2024-04-23 15:31:09 status half-installed fonts-dejavu-mono:all 2.37-8
2024-04-23 15:31:09 status unpacked fonts-dejavu-mono:all 2.37-8
2024-04-23 15:31:09 install fonts-dejavu-core:all <none> 2.37-8
2024-04-23 15:31:09 status half-installed fonts-dejavu-core:all 2.37-8
2024-04-23 15:31:09 status unpacked fonts-dejavu-core:all 2.37-8
2024-04-23 15:31:09 install fontconfig-config:amd64 <none> 2.15.0-1.1ubuntu2
2024-04-23 15:31:09 status half-installed fontconfig-config:amd64 2.15.0-1.1ubuntu2
2024-04-23 15:31:09 status triggers-pending sgml-base:all 1.31
2024-04-23 15:31:09 status unpacked fontconfig-config:amd64 2.15.0-1.1ubuntu2
2024-04-23 15:31:09 install hwdata:all <none> 0.379-1
2024-04-23 15:31:09 status half-installed hwdata:all 0.379-1
2024-04-23 15:31:09 status unpacked hwdata:all 0.379-1
2024-04-23 15:31:09 install iucode-tool:amd64 <none> 2.3.1-3build1
2024-04-23 15:31:09 status half-installed iucode-tool:amd64 2.3.1-3build1
2024-04-23 15:31:09 status unpacked iucode-tool:amd64 2.3.1-3build1
2024-04-23 15:31:09 install libaom3:amd64 <none> 3.8.2-2build1
2024-04-23 15:31:09 status half-installed libaom3:amd64 3.8.2-2build1
2024-04-23 15:31:09 status unpacked libaom3:amd64 3.8.2-2build1
2024-04-23 15:31:09 install libc-dev-bin:amd64 <none> 2.39-0ubuntu8
2024-04-23 15:31:09 status half-installed libc-dev-bin:amd64 2.39-0ubuntu8
2024-04-23 15:31:09 status unpacked libc-dev-bin:amd64 2.39-0ubuntu8
2024-04-23 15:31:10 install libfontconfig1:amd64 <none> 2.15.0-1.1ubuntu2
2024-04-23 15:31:10 status half-installed libfontconfig1:amd64 2.15.0-1.1ubuntu2
2024-04-23 15:31:10 status unpacked libfontconfig1:amd64 2.15.0-1.1ubuntu2
2024-04-23 15:31:10 install libsharpyuv0:amd64 <none> 1.3.2-0.4build3
2024-04-23 15:31:10 status half-installed libsharpyuv0:amd64 1.3.2-0.4build3
2024-04-23 15:31:10 status unpacked libsharpyuv0:amd64 1.3.2-0.4build3
2024-04-23 15:31:10 install libheif-plugin-aomdec:amd64 <none> 1.17.6-1ubuntu4
2024-04-23 15:31:10 status half-installed libheif-plugin-aomdec:amd64 1.17.6-1ubuntu4
2024-04-23 15:31:10 status unpacked libheif-plugin-aomdec:amd64 1.17.6-1ubuntu4
2024-04-23 15:31:10 install libde265-0:amd64 <none> 1.0.15-1build3
2024-04-23 15:31:10 status half-installed libde265-0:amd64 1.0.15-1build3
2024-04-23 15:31:10 status unpacked libde265-0:amd64 1.0.15-1build3
2024-04-23 15:31:10 install libheif-plugin-libde265:amd64 <none> 1.17.6-1ubuntu4
2024-04-23 15:31:10 status half-installed libheif-plugin-libde265:amd64 1.17.6-1ubuntu4
2024-04-23 15:31:10 status unpacked libheif-plugin-libde265:amd64 1.17.6-1ubuntu4
2024-04-23 15:31:10 install libheif1:amd64 <none> 1.17.6-1ubuntu4
2024-04-23 15:31:10 status half-installed libheif1:amd64 1.17.6-1ubuntu4
2024-04-23 15:31:10 status unpacked libheif1:amd64 1.17.6-1ubuntu4
2024-04-23 15:31:10 install libjpeg-turbo8:amd64 <none> 2.1.5-2ubuntu2
2024-04-23 15:31:10 status half-installed libjpeg-turbo8:amd64 2.1.5-2ubuntu2
2024-04-23 15:31:10 status unpacked libjpeg-turbo8:amd64 2.1.5-2ubuntu2
2024-04-23 15:31:10 install libjpeg8:amd64 <none> 8c-2ubuntu11
2024-04-23 15:31:10 status half-installed libjpeg8:amd64 8c-2ubuntu11
2024-04-23 15:31:10 status unpacked libjpeg8:amd64 8c-2ubuntu11
2024-04-23 15:31:10 install libdeflate0:amd64 <none> 1.19-1build1
2024-04-23 15:31:10 status half-installed libdeflate0:amd64 1.19-1build1
2024-04-23 15:31:10 status unpacked libdeflate0:amd64 1.19-1build1
2024-04-23 15:31:10 install libjbig0:amd64 <none> 2.1-6.1ubuntu2
2024-04-23 15:31:10 status half-installed libjbig0:amd64 2.1-6.1ubuntu2
2024-04-23 15:31:10 status unpacked libjbig0:amd64 2.1-6.1ubuntu2
2024-04-23 15:31:10 install liblerc4:amd64 <none> 4.0.0+ds-4ubuntu2
2024-04-23 15:31:10 status half-installed liblerc4:amd64 4.0.0+ds-4ubuntu2
2024-04-23 15:31:10 status unpacked liblerc4:amd64 4.0.0+ds-4ubuntu2
2024-04-23 15:31:10 install libwebp7:amd64 <none> 1.3.2-0.4build3
2024-04-23 15:31:10 status half-installed libwebp7:amd64 1.3.2-0.4build3
2024-04-23 15:31:10 status unpacked libwebp7:amd64 1.3.2-0.4build3
2024-04-23 15:31:10 install libtiff6:amd64 <none> 4.5.1+git230720-4ubuntu2
2024-04-23 15:31:10 status half-installed libtiff6:amd64 4.5.1+git230720-4ubuntu2
2024-04-23 15:31:10 status unpacked libtiff6:amd64 4.5.1+git230720-4ubuntu2
2024-04-23 15:31:10 install libxpm4:amd64 <none> 1:3.5.17-1build2
2024-04-23 15:31:10 status half-installed libxpm4:amd64 1:3.5.17-1build2
2024-04-23 15:31:10 status unpacked libxpm4:amd64 1:3.5.17-1build2
2024-04-23 15:31:10 install libgd3:amd64 <none> 2.3.3-9ubuntu5
2024-04-23 15:31:10 status half-installed libgd3:amd64 2.3.3-9ubuntu5
2024-04-23 15:31:10 status unpacked libgd3:amd64 2.3.3-9ubuntu5
2024-04-23 15:31:10 install libc-devtools:amd64 <none> 2.39-0ubuntu8
2024-04-23 15:31:10 status half-installed libc-devtools:amd64 2.39-0ubuntu8
2024-04-23 15:31:10 status unpacked libc-devtools:amd64 2.39-0ubuntu8
2024-04-23 15:31:10 install linux-libc-dev:amd64 <none> 6.8.0-31.31
2024-04-23 15:31:10 status half-installed linux-libc-dev:amd64 6.8.0-31.31
2024-04-23 15:31:10 status unpacked linux-libc-dev:amd64 6.8.0-31.31
2024-04-23 15:31:10 install libcrypt-dev:amd64 <none> 1:4.4.36-4build1
2024-04-23 15:31:10 status half-installed libcrypt-dev:amd64 1:4.4.36-4build1
2024-04-23 15:31:10 status unpacked libcrypt-dev:amd64 1:4.4.36-4build1
2024-04-23 15:31:10 install rpcsvc-proto:amd64 <none> 1.4.2-0ubuntu7
2024-04-23 15:31:10 status half-installed rpcsvc-proto:amd64 1.4.2-0ubuntu7
2024-04-23 15:31:10 status unpacked rpcsvc-proto:amd64 1.4.2-0ubuntu7
2024-04-23 15:31:10 install libc6-dev:amd64 <none> 2.39-0ubuntu8
2024-04-23 15:31:10 status half-installed libc6-dev:amd64 2.39-0ubuntu8
2024-04-23 15:31:10 status unpacked libc6-dev:amd64 2.39-0ubuntu8
2024-04-23 15:31:10 install libheif-plugin-aomenc:amd64 <none> 1.17.6-1ubuntu4
2024-04-23 15:31:10 status half-installed libheif-plugin-aomenc:amd64 1.17.6-1ubuntu4
2024-04-23 15:31:10 status unpacked libheif-plugin-aomenc:amd64 1.17.6-1ubuntu4
2024-04-23 15:31:10 install linux-modules-6.8.0-1008-aws:amd64 <none> 6.8.0-1008.8
2024-04-23 15:31:10 status half-installed linux-modules-6.8.0-1008-aws:amd64 6.8.0-1008.8
2024-04-23 15:31:11 status unpacked linux-modules-6.8.0-1008-aws:amd64 6.8.0-1008.8
2024-04-23 15:31:11 install linux-image-6.8.0-1008-aws:amd64 <none> 6.8.0-1008.8
2024-04-23 15:31:11 status half-installed linux-image-6.8.0-1008-aws:amd64 6.8.0-1008.8
2024-04-23 15:31:11 status unpacked linux-image-6.8.0-1008-aws:amd64 6.8.0-1008.8
2024-04-23 15:31:11 install intel-microcode:amd64 <none> 3.20240312.1build1
2024-04-23 15:31:11 status half-installed intel-microcode:amd64 3.20240312.1build1
2024-04-23 15:31:11 status unpacked intel-microcode:amd64 3.20240312.1build1
2024-04-23 15:31:11 install amd64-microcode:amd64 <none> 3.20231019.1ubuntu2
2024-04-23 15:31:11 status half-installed amd64-microcode:amd64 3.20231019.1ubuntu2
2024-04-23 15:31:11 status unpacked amd64-microcode:amd64 3.20231019.1ubuntu2
2024-04-23 15:31:11 install microcode-initrd:amd64 <none> 3build1
2024-04-23 15:31:11 status half-installed microcode-initrd:amd64 3build1
2024-04-23 15:31:11 status unpacked microcode-initrd:amd64 3build1
2024-04-23 15:31:11 install linux-image-aws:amd64 <none> 6.8.0-1008.8
2024-04-23 15:31:11 status half-installed linux-image-aws:amd64 6.8.0-1008.8
2024-04-23 15:31:11 status unpacked linux-image-aws:amd64 6.8.0-1008.8
2024-04-23 15:31:11 install linux-aws-headers-6.8.0-1008:all <none> 6.8.0-1008.8
2024-04-23 15:31:11 status half-installed linux-aws-headers-6.8.0-1008:all 6.8.0-1008.8
2024-04-23 15:31:14 status unpacked linux-aws-headers-6.8.0-1008:all 6.8.0-1008.8
2024-04-23 15:31:14 install linux-headers-6.8.0-1008-aws:amd64 <none> 6.8.0-1008.8
2024-04-23 15:31:14 status half-installed linux-headers-6.8.0-1008-aws:amd64 6.8.0-1008.8
2024-04-23 15:31:15 status unpacked linux-headers-6.8.0-1008-aws:amd64 6.8.0-1008.8
2024-04-23 15:31:15 install linux-headers-aws:amd64 <none> 6.8.0-1008.8
2024-04-23 15:31:15 status half-installed linux-headers-aws:amd64 6.8.0-1008.8
2024-04-23 15:31:15 status unpacked linux-headers-aws:amd64 6.8.0-1008.8
2024-04-23 15:31:15 install linux-aws:amd64 <none> 6.8.0-1008.8
2024-04-23 15:31:15 status half-installed linux-aws:amd64 6.8.0-1008.8
2024-04-23 15:31:15 status unpacked linux-aws:amd64 6.8.0-1008.8
2024-04-23 15:31:15 install linux-tools-common:all <none> 6.8.0-31.31
2024-04-23 15:31:15 status half-installed linux-tools-common:all 6.8.0-31.31
2024-04-23 15:31:15 status unpacked linux-tools-common:all 6.8.0-31.31
2024-04-23 15:31:15 install linux-aws-tools-6.8.0-1008:amd64 <none> 6.8.0-1008.8
2024-04-23 15:31:15 status half-installed linux-aws-tools-6.8.0-1008:amd64 6.8.0-1008.8
2024-04-23 15:31:15 status unpacked linux-aws-tools-6.8.0-1008:amd64 6.8.0-1008.8
2024-04-23 15:31:15 install linux-tools-6.8.0-1008-aws:amd64 <none> 6.8.0-1008.8
2024-04-23 15:31:15 status half-installed linux-tools-6.8.0-1008-aws:amd64 6.8.0-1008.8
2024-04-23 15:31:15 status unpacked linux-tools-6.8.0-1008-aws:amd64 6.8.0-1008.8
2024-04-23 15:31:15 install manpages-dev:all <none> 6.7-2
2024-04-23 15:31:15 status half-installed manpages-dev:all 6.7-2
2024-04-23 15:31:16 status unpacked manpages-dev:all 6.7-2
2024-04-23 15:31:16 install ubuntu-kernel-accessories:amd64 <none> 1.539
2024-04-23 15:31:16 status half-installed ubuntu-kernel-accessories:amd64 1.539
2024-04-23 15:31:16 status unpacked ubuntu-kernel-accessories:amd64 1.539
2024-04-23 15:31:16 startup packages configure
2024-04-23 15:31:16 configure libsharpyuv0:amd64 1.3.2-0.4build3 <none>
2024-04-23 15:31:16 status unpacked libsharpyuv0:amd64 1.3.2-0.4build3
2024-04-23 15:31:16 status half-configured libsharpyuv0:amd64 1.3.2-0.4build3
2024-04-23 15:31:16 status installed libsharpyuv0:amd64 1.3.2-0.4build3
2024-04-23 15:31:16 configure libaom3:amd64 3.8.2-2build1 <none>
2024-04-23 15:31:16 status unpacked libaom3:amd64 3.8.2-2build1
2024-04-23 15:31:16 status half-configured libaom3:amd64 3.8.2-2build1
2024-04-23 15:31:16 status installed libaom3:amd64 3.8.2-2build1
2024-04-23 15:31:16 configure manpages-dev:all 6.7-2 <none>
2024-04-23 15:31:16 status unpacked manpages-dev:all 6.7-2
2024-04-23 15:31:16 status half-configured manpages-dev:all 6.7-2
2024-04-23 15:31:16 status installed manpages-dev:all 6.7-2
2024-04-23 15:31:16 configure ubuntu-kernel-accessories:amd64 1.539 <none>
2024-04-23 15:31:16 status unpacked ubuntu-kernel-accessories:amd64 1.539
2024-04-23 15:31:16 status half-configured ubuntu-kernel-accessories:amd64 1.539
2024-04-23 15:31:16 status installed ubuntu-kernel-accessories:amd64 1.539
2024-04-23 15:31:16 configure linux-aws-headers-6.8.0-1008:all 6.8.0-1008.8 <none>
2024-04-23 15:31:16 status unpacked linux-aws-headers-6.8.0-1008:all 6.8.0-1008.8
2024-04-23 15:31:16 status half-configured linux-aws-headers-6.8.0-1008:all 6.8.0-1008.8
2024-04-23 15:31:16 status installed linux-aws-headers-6.8.0-1008:all 6.8.0-1008.8
2024-04-23 15:31:16 configure liblerc4:amd64 4.0.0+ds-4ubuntu2 <none>
2024-04-23 15:31:16 status unpacked liblerc4:amd64 4.0.0+ds-4ubuntu2
2024-04-23 15:31:16 status half-configured liblerc4:amd64 4.0.0+ds-4ubuntu2
2024-04-23 15:31:16 status installed liblerc4:amd64 4.0.0+ds-4ubuntu2
2024-04-23 15:31:16 configure libxpm4:amd64 1:3.5.17-1build2 <none>
2024-04-23 15:31:16 status unpacked libxpm4:amd64 1:3.5.17-1build2
2024-04-23 15:31:16 status half-configured libxpm4:amd64 1:3.5.17-1build2
2024-04-23 15:31:16 status installed libxpm4:amd64 1:3.5.17-1build2
2024-04-23 15:31:16 configure iucode-tool:amd64 2.3.1-3build1 <none>
2024-04-23 15:31:16 status unpacked iucode-tool:amd64 2.3.1-3build1
2024-04-23 15:31:16 status half-configured iucode-tool:amd64 2.3.1-3build1
2024-04-23 15:31:16 status installed iucode-tool:amd64 2.3.1-3build1
2024-04-23 15:31:16 configure intel-microcode:amd64 3.20240312.1build1 <none>
2024-04-23 15:31:16 status unpacked intel-microcode:amd64 3.20240312.1build1
2024-04-23 15:31:16 status half-configured intel-microcode:amd64 3.20240312.1build1
2024-04-23 15:31:16 status installed intel-microcode:amd64 3.20240312.1build1
2024-04-23 15:31:16 status triggers-pending initramfs-tools:all 0.142ubuntu25
2024-04-23 15:31:16 configure libdeflate0:amd64 1.19-1build1 <none>
2024-04-23 15:31:16 status unpacked libdeflate0:amd64 1.19-1build1
2024-04-23 15:31:16 status half-configured libdeflate0:amd64 1.19-1build1
2024-04-23 15:31:16 status installed libdeflate0:amd64 1.19-1build1
2024-04-23 15:31:16 configure linux-libc-dev:amd64 6.8.0-31.31 <none>
2024-04-23 15:31:16 status unpacked linux-libc-dev:amd64 6.8.0-31.31
2024-04-23 15:31:16 status half-configured linux-libc-dev:amd64 6.8.0-31.31
2024-04-23 15:31:16 status installed linux-libc-dev:amd64 6.8.0-31.31
2024-04-23 15:31:16 configure amd64-microcode:amd64 3.20231019.1ubuntu2 <none>
2024-04-23 15:31:16 status unpacked amd64-microcode:amd64 3.20231019.1ubuntu2
2024-04-23 15:31:16 status half-configured amd64-microcode:amd64 3.20231019.1ubuntu2
2024-04-23 15:31:16 status installed amd64-microcode:amd64 3.20231019.1ubuntu2
2024-04-23 15:31:16 configure libjbig0:amd64 2.1-6.1ubuntu2 <none>
2024-04-23 15:31:16 status unpacked libjbig0:amd64 2.1-6.1ubuntu2
2024-04-23 15:31:16 status half-configured libjbig0:amd64 2.1-6.1ubuntu2
2024-04-23 15:31:16 status installed libjbig0:amd64 2.1-6.1ubuntu2
2024-04-23 15:31:16 configure hwdata:all 0.379-1 <none>
2024-04-23 15:31:16 status unpacked hwdata:all 0.379-1
2024-04-23 15:31:16 status half-configured hwdata:all 0.379-1
2024-04-23 15:31:16 status installed hwdata:all 0.379-1
2024-04-23 15:31:16 configure rpcsvc-proto:amd64 1.4.2-0ubuntu7 <none>
2024-04-23 15:31:16 status unpacked rpcsvc-proto:amd64 1.4.2-0ubuntu7
2024-04-23 15:31:16 status half-configured rpcsvc-proto:amd64 1.4.2-0ubuntu7
2024-04-23 15:31:16 status installed rpcsvc-proto:amd64 1.4.2-0ubuntu7
2024-04-23 15:31:16 configure microcode-initrd:amd64 3build1 <none>
2024-04-23 15:31:16 status unpacked microcode-initrd:amd64 3build1
2024-04-23 15:31:16 status half-configured microcode-initrd:amd64 3build1
2024-04-23 15:31:16 status installed microcode-initrd:amd64 3build1
2024-04-23 15:31:16 configure fonts-dejavu-mono:all 2.37-8 <none>
2024-04-23 15:31:16 status unpacked fonts-dejavu-mono:all 2.37-8
2024-04-23 15:31:16 status half-configured fonts-dejavu-mono:all 2.37-8
2024-04-23 15:31:16 status installed fonts-dejavu-mono:all 2.37-8
2024-04-23 15:31:16 configure fonts-dejavu-core:all 2.37-8 <none>
2024-04-23 15:31:16 status unpacked fonts-dejavu-core:all 2.37-8
2024-04-23 15:31:16 status half-configured fonts-dejavu-core:all 2.37-8
2024-04-23 15:31:16 status installed fonts-dejavu-core:all 2.37-8
2024-04-23 15:31:16 configure linux-headers-6.8.0-1008-aws:amd64 6.8.0-1008.8 <none>
2024-04-23 15:31:16 status unpacked linux-headers-6.8.0-1008-aws:amd64 6.8.0-1008.8
2024-04-23 15:31:16 status half-configured linux-headers-6.8.0-1008-aws:amd64 6.8.0-1008.8
2024-04-23 15:31:16 status installed linux-headers-6.8.0-1008-aws:amd64 6.8.0-1008.8
2024-04-23 15:31:16 configure libjpeg-turbo8:amd64 2.1.5-2ubuntu2 <none>
2024-04-23 15:31:16 status unpacked libjpeg-turbo8:amd64 2.1.5-2ubuntu2
2024-04-23 15:31:16 status half-configured libjpeg-turbo8:amd64 2.1.5-2ubuntu2
2024-04-23 15:31:16 status installed libjpeg-turbo8:amd64 2.1.5-2ubuntu2
2024-04-23 15:31:16 configure libwebp7:amd64 1.3.2-0.4build3 <none>
2024-04-23 15:31:16 status unpacked libwebp7:amd64 1.3.2-0.4build3
2024-04-23 15:31:16 status half-configured libwebp7:amd64 1.3.2-0.4build3
2024-04-23 15:31:16 status installed libwebp7:amd64 1.3.2-0.4build3
2024-04-23 15:31:16 configure ieee-data:all 20220827.1 <none>
2024-04-23 15:31:16 status unpacked ieee-data:all 20220827.1
2024-04-23 15:31:16 status half-configured ieee-data:all 20220827.1
2024-04-23 15:31:16 status installed ieee-data:all 20220827.1
2024-04-23 15:31:16 configure libcrypt-dev:amd64 1:4.4.36-4build1 <none>
2024-04-23 15:31:16 status unpacked libcrypt-dev:amd64 1:4.4.36-4build1
2024-04-23 15:31:16 status half-configured libcrypt-dev:amd64 1:4.4.36-4build1
2024-04-23 15:31:16 status installed libcrypt-dev:amd64 1:4.4.36-4build1
2024-04-23 15:31:16 configure libde265-0:amd64 1.0.15-1build3 <none>
2024-04-23 15:31:16 status unpacked libde265-0:amd64 1.0.15-1build3
2024-04-23 15:31:16 status half-configured libde265-0:amd64 1.0.15-1build3
2024-04-23 15:31:16 status installed libde265-0:amd64 1.0.15-1build3
2024-04-23 15:31:16 configure libc-dev-bin:amd64 2.39-0ubuntu8 <none>
2024-04-23 15:31:16 status unpacked libc-dev-bin:amd64 2.39-0ubuntu8
2024-04-23 15:31:16 status half-configured libc-dev-bin:amd64 2.39-0ubuntu8
2024-04-23 15:31:16 status installed libc-dev-bin:amd64 2.39-0ubuntu8
2024-04-23 15:31:16 configure linux-tools-common:all 6.8.0-31.31 <none>
2024-04-23 15:31:16 status unpacked linux-tools-common:all 6.8.0-31.31
2024-04-23 15:31:16 status half-configured linux-tools-common:all 6.8.0-31.31
2024-04-23 15:31:16 status installed linux-tools-common:all 6.8.0-31.31
2024-04-23 15:31:16 configure libllvm18:amd64 1:18.1.3-1 <none>
2024-04-23 15:31:16 status unpacked libllvm18:amd64 1:18.1.3-1
2024-04-23 15:31:16 status half-configured libllvm18:amd64 1:18.1.3-1
2024-04-23 15:31:16 status installed libllvm18:amd64 1:18.1.3-1
2024-04-23 15:31:16 configure libjpeg8:amd64 8c-2ubuntu11 <none>
2024-04-23 15:31:16 status unpacked libjpeg8:amd64 8c-2ubuntu11
2024-04-23 15:31:16 status half-configured libjpeg8:amd64 8c-2ubuntu11
2024-04-23 15:31:16 status installed libjpeg8:amd64 8c-2ubuntu11
2024-04-23 15:31:16 configure libclang1-18:amd64 1:18.1.3-1 <none>
2024-04-23 15:31:16 status unpacked libclang1-18:amd64 1:18.1.3-1
2024-04-23 15:31:16 status half-configured libclang1-18:amd64 1:18.1.3-1
2024-04-23 15:31:16 status installed libclang1-18:amd64 1:18.1.3-1
2024-04-23 15:31:16 configure fontconfig-config:amd64 2.15.0-1.1ubuntu2 <none>
2024-04-23 15:31:16 status unpacked fontconfig-config:amd64 2.15.0-1.1ubuntu2
2024-04-23 15:31:16 status half-configured fontconfig-config:amd64 2.15.0-1.1ubuntu2
2024-04-23 15:31:16 status triggers-awaited fontconfig-config:amd64 2.15.0-1.1ubuntu2
2024-04-23 15:31:16 configure linux-headers-aws:amd64 6.8.0-1008.8 <none>
2024-04-23 15:31:16 status unpacked linux-headers-aws:amd64 6.8.0-1008.8
2024-04-23 15:31:16 status half-configured linux-headers-aws:amd64 6.8.0-1008.8
2024-04-23 15:31:16 status installed linux-headers-aws:amd64 6.8.0-1008.8
2024-04-23 15:31:16 configure linux-aws-tools-6.8.0-1008:amd64 6.8.0-1008.8 <none>
2024-04-23 15:31:16 status unpacked linux-aws-tools-6.8.0-1008:amd64 6.8.0-1008.8
2024-04-23 15:31:16 status half-configured linux-aws-tools-6.8.0-1008:amd64 6.8.0-1008.8
2024-04-23 15:31:16 status installed linux-aws-tools-6.8.0-1008:amd64 6.8.0-1008.8
2024-04-23 15:31:16 configure python3-netaddr:all 0.8.0-2ubuntu1 <none>
2024-04-23 15:31:16 status unpacked python3-netaddr:all 0.8.0-2ubuntu1
2024-04-23 15:31:16 status half-configured python3-netaddr:all 0.8.0-2ubuntu1
2024-04-23 15:31:16 status installed python3-netaddr:all 0.8.0-2ubuntu1
2024-04-23 15:31:16 configure libtiff6:amd64 4.5.1+git230720-4ubuntu2 <none>
2024-04-23 15:31:16 status unpacked libtiff6:amd64 4.5.1+git230720-4ubuntu2
2024-04-23 15:31:16 status half-configured libtiff6:amd64 4.5.1+git230720-4ubuntu2
2024-04-23 15:31:16 status installed libtiff6:amd64 4.5.1+git230720-4ubuntu2
2024-04-23 15:31:16 configure libc6-dev:amd64 2.39-0ubuntu8 <none>
2024-04-23 15:31:16 status unpacked libc6-dev:amd64 2.39-0ubuntu8
2024-04-23 15:31:16 status half-configured libc6-dev:amd64 2.39-0ubuntu8
2024-04-23 15:31:16 status installed libc6-dev:amd64 2.39-0ubuntu8
2024-04-23 15:31:16 configure libclang-cpp18:amd64 1:18.1.3-1 <none>
2024-04-23 15:31:16 status unpacked libclang-cpp18:amd64 1:18.1.3-1
2024-04-23 15:31:16 status half-configured libclang-cpp18:amd64 1:18.1.3-1
2024-04-23 15:31:16 status installed libclang-cpp18:amd64 1:18.1.3-1
2024-04-23 15:31:16 configure libbpfcc:amd64 0.29.1+ds-1ubuntu7 <none>
2024-04-23 15:31:16 status unpacked libbpfcc:amd64 0.29.1+ds-1ubuntu7
2024-04-23 15:31:16 status half-configured libbpfcc:amd64 0.29.1+ds-1ubuntu7
2024-04-23 15:31:16 status installed libbpfcc:amd64 0.29.1+ds-1ubuntu7
2024-04-23 15:31:16 configure python3-bpfcc:all 0.29.1+ds-1ubuntu7 <none>
2024-04-23 15:31:16 status unpacked python3-bpfcc:all 0.29.1+ds-1ubuntu7
2024-04-23 15:31:16 status half-configured python3-bpfcc:all 0.29.1+ds-1ubuntu7
2024-04-23 15:31:17 status installed python3-bpfcc:all 0.29.1+ds-1ubuntu7
2024-04-23 15:31:17 configure linux-tools-6.8.0-1008-aws:amd64 6.8.0-1008.8 <none>
2024-04-23 15:31:17 status unpacked linux-tools-6.8.0-1008-aws:amd64 6.8.0-1008.8
2024-04-23 15:31:17 status half-configured linux-tools-6.8.0-1008-aws:amd64 6.8.0-1008.8
2024-04-23 15:31:17 status installed linux-tools-6.8.0-1008-aws:amd64 6.8.0-1008.8
2024-04-23 15:31:17 configure bpftrace:amd64 0.20.2-1ubuntu4 <none>
2024-04-23 15:31:17 status unpacked bpftrace:amd64 0.20.2-1ubuntu4
2024-04-23 15:31:17 status half-configured bpftrace:amd64 0.20.2-1ubuntu4
2024-04-23 15:31:17 status installed bpftrace:amd64 0.20.2-1ubuntu4
2024-04-23 15:31:17 configure bpfcc-tools:all 0.29.1+ds-1ubuntu7 <none>
2024-04-23 15:31:17 status unpacked bpfcc-tools:all 0.29.1+ds-1ubuntu7
2024-04-23 15:31:17 status half-configured bpfcc-tools:all 0.29.1+ds-1ubuntu7
2024-04-23 15:31:17 status installed bpfcc-tools:all 0.29.1+ds-1ubuntu7
2024-04-23 15:31:17 configure linux-modules-6.8.0-1008-aws:amd64 6.8.0-1008.8 <none>
2024-04-23 15:31:17 status unpacked linux-modules-6.8.0-1008-aws:amd64 6.8.0-1008.8
2024-04-23 15:31:17 status half-configured linux-modules-6.8.0-1008-aws:amd64 6.8.0-1008.8
2024-04-23 15:31:17 status installed linux-modules-6.8.0-1008-aws:amd64 6.8.0-1008.8
2024-04-23 15:31:17 configure libheif-plugin-aomdec:amd64 1.17.6-1ubuntu4 <none>
2024-04-23 15:31:17 status unpacked libheif-plugin-aomdec:amd64 1.17.6-1ubuntu4
2024-04-23 15:31:17 status half-configured libheif-plugin-aomdec:amd64 1.17.6-1ubuntu4
2024-04-23 15:31:17 status installed libheif-plugin-aomdec:amd64 1.17.6-1ubuntu4
2024-04-23 15:31:17 configure libheif1:amd64 1.17.6-1ubuntu4 <none>
2024-04-23 15:31:17 status unpacked libheif1:amd64 1.17.6-1ubuntu4
2024-04-23 15:31:17 status half-configured libheif1:amd64 1.17.6-1ubuntu4
2024-04-23 15:31:17 status installed libheif1:amd64 1.17.6-1ubuntu4
2024-04-23 15:31:17 configure linux-image-6.8.0-1008-aws:amd64 6.8.0-1008.8 <none>
2024-04-23 15:31:17 status unpacked linux-image-6.8.0-1008-aws:amd64 6.8.0-1008.8
2024-04-23 15:31:17 status half-configured linux-image-6.8.0-1008-aws:amd64 6.8.0-1008.8
2024-04-23 15:31:17 status installed linux-image-6.8.0-1008-aws:amd64 6.8.0-1008.8
2024-04-23 15:31:17 status triggers-pending linux-image-6.8.0-1008-aws:amd64 6.8.0-1008.8
2024-04-23 15:31:17 configure linux-image-aws:amd64 6.8.0-1008.8 <none>
2024-04-23 15:31:17 status unpacked linux-image-aws:amd64 6.8.0-1008.8
2024-04-23 15:31:17 status half-configured linux-image-aws:amd64 6.8.0-1008.8
2024-04-23 15:31:17 status installed linux-image-aws:amd64 6.8.0-1008.8
2024-04-23 15:31:17 configure libheif-plugin-libde265:amd64 1.17.6-1ubuntu4 <none>
2024-04-23 15:31:17 status unpacked libheif-plugin-libde265:amd64 1.17.6-1ubuntu4
2024-04-23 15:31:17 status half-configured libheif-plugin-libde265:amd64 1.17.6-1ubuntu4
2024-04-23 15:31:17 status installed libheif-plugin-libde265:amd64 1.17.6-1ubuntu4
2024-04-23 15:31:17 configure libheif-plugin-aomenc:amd64 1.17.6-1ubuntu4 <none>
2024-04-23 15:31:17 status unpacked libheif-plugin-aomenc:amd64 1.17.6-1ubuntu4
2024-04-23 15:31:17 status half-configured libheif-plugin-aomenc:amd64 1.17.6-1ubuntu4
2024-04-23 15:31:17 status installed libheif-plugin-aomenc:amd64 1.17.6-1ubuntu4
2024-04-23 15:31:17 configure linux-aws:amd64 6.8.0-1008.8 <none>
2024-04-23 15:31:17 status unpacked linux-aws:amd64 6.8.0-1008.8
2024-04-23 15:31:17 status half-configured linux-aws:amd64 6.8.0-1008.8
2024-04-23 15:31:17 status installed linux-aws:amd64 6.8.0-1008.8
2024-04-23 15:31:17 trigproc man-db:amd64 2.12.0-4build2 <none>
2024-04-23 15:31:17 status half-configured man-db:amd64 2.12.0-4build2
2024-04-23 15:31:18 status installed man-db:amd64 2.12.0-4build2
2024-04-23 15:31:18 trigproc sgml-base:all 1.31 <none>
2024-04-23 15:31:18 status half-configured sgml-base:all 1.31
2024-04-23 15:31:18 status installed fontconfig-config:amd64 2.15.0-1.1ubuntu2
2024-04-23 15:31:18 status installed sgml-base:all 1.31
2024-04-23 15:31:18 configure libfontconfig1:amd64 2.15.0-1.1ubuntu2 <none>
2024-04-23 15:31:18 status unpacked libfontconfig1:amd64 2.15.0-1.1ubuntu2
2024-04-23 15:31:18 status half-configured libfontconfig1:amd64 2.15.0-1.1ubuntu2
2024-04-23 15:31:18 status installed libfontconfig1:amd64 2.15.0-1.1ubuntu2
2024-04-23 15:31:18 trigproc libc-bin:amd64 2.39-0ubuntu8 <none>
2024-04-23 15:31:18 status half-configured libc-bin:amd64 2.39-0ubuntu8
2024-04-23 15:31:18 status installed libc-bin:amd64 2.39-0ubuntu8
2024-04-23 15:31:18 configure libgd3:amd64 2.3.3-9ubuntu5 <none>
2024-04-23 15:31:18 status triggers-pending libc-bin:amd64 2.39-0ubuntu8
2024-04-23 15:31:18 status unpacked libgd3:amd64 2.3.3-9ubuntu5
2024-04-23 15:31:18 status half-configured libgd3:amd64 2.3.3-9ubuntu5
2024-04-23 15:31:18 status installed libgd3:amd64 2.3.3-9ubuntu5
2024-04-23 15:31:18 configure libc-devtools:amd64 2.39-0ubuntu8 <none>
2024-04-23 15:31:18 status unpacked libc-devtools:amd64 2.39-0ubuntu8
2024-04-23 15:31:18 status half-configured libc-devtools:amd64 2.39-0ubuntu8
2024-04-23 15:31:18 status installed libc-devtools:amd64 2.39-0ubuntu8
2024-04-23 15:31:18 trigproc initramfs-tools:all 0.142ubuntu25 <none>
2024-04-23 15:31:18 status half-configured initramfs-tools:all 0.142ubuntu25
2024-04-23 15:31:18 status installed initramfs-tools:all 0.142ubuntu25
2024-04-23 15:31:18 trigproc linux-image-6.8.0-1008-aws:amd64 6.8.0-1008.8 <none>
2024-04-23 15:31:18 status half-configured linux-image-6.8.0-1008-aws:amd64 6.8.0-1008.8
2024-04-23 15:31:21 status installed linux-image-6.8.0-1008-aws:amd64 6.8.0-1008.8
2024-04-23 15:31:21 trigproc libc-bin:amd64 2.39-0ubuntu8 <none>
2024-04-23 15:31:21 status half-configured libc-bin:amd64 2.39-0ubuntu8
2024-04-23 15:31:21 status installed libc-bin:amd64 2.39-0ubuntu8
2024-04-23 15:31:24 startup archives unpack
2024-04-23 15:31:24 install ec2-instance-connect:all <none> 1.1.17-0ubuntu1
2024-04-23 15:31:24 status half-installed ec2-instance-connect:all 1.1.17-0ubuntu1
2024-04-23 15:31:24 status unpacked ec2-instance-connect:all 1.1.17-0ubuntu1
2024-04-23 15:31:24 startup packages configure
2024-04-23 15:31:24 configure ec2-instance-connect:all 1.1.17-0ubuntu1 <none>
2024-04-23 15:31:24 status unpacked ec2-instance-connect:all 1.1.17-0ubuntu1
2024-04-23 15:31:24 status half-configured ec2-instance-connect:all 1.1.17-0ubuntu1
2024-04-23 15:31:25 status installed ec2-instance-connect:all 1.1.17-0ubuntu1
2024-04-23 15:31:27 startup archives unpack
2024-04-23 15:31:27 install acpid:amd64 <none> 1:2.0.34-1ubuntu2
2024-04-23 15:31:27 status half-installed acpid:amd64 1:2.0.34-1ubuntu2
2024-04-23 15:31:27 status triggers-pending man-db:amd64 2.12.0-4build2
2024-04-23 15:31:27 status unpacked acpid:amd64 1:2.0.34-1ubuntu2
2024-04-23 15:31:27 install ec2-hibinit-agent:all <none> 1.0.0-0ubuntu16
2024-04-23 15:31:27 status half-installed ec2-hibinit-agent:all 1.0.0-0ubuntu16
2024-04-23 15:31:27 status unpacked ec2-hibinit-agent:all 1.0.0-0ubuntu16
2024-04-23 15:31:27 install hibagent:all <none> 1.0.1+git20230216.9ac1209f7-0ubuntu3
2024-04-23 15:31:27 status half-installed hibagent:all 1.0.1+git20230216.9ac1209f7-0ubuntu3
2024-04-23 15:31:27 status unpacked hibagent:all 1.0.1+git20230216.9ac1209f7-0ubuntu3
2024-04-23 15:31:27 startup packages configure
2024-04-23 15:31:27 configure acpid:amd64 1:2.0.34-1ubuntu2 <none>
2024-04-23 15:31:27 status unpacked acpid:amd64 1:2.0.34-1ubuntu2
2024-04-23 15:31:27 status half-configured acpid:amd64 1:2.0.34-1ubuntu2
2024-04-23 15:31:27 status installed acpid:amd64 1:2.0.34-1ubuntu2
2024-04-23 15:31:27 configure hibagent:all 1.0.1+git20230216.9ac1209f7-0ubuntu3 <none>
2024-04-23 15:31:27 status unpacked hibagent:all 1.0.1+git20230216.9ac1209f7-0ubuntu3
2024-04-23 15:31:27 status half-configured hibagent:all 1.0.1+git20230216.9ac1209f7-0ubuntu3
2024-04-23 15:31:27 status installed hibagent:all 1.0.1+git20230216.9ac1209f7-0ubuntu3
2024-04-23 15:31:27 configure ec2-hibinit-agent:all 1.0.0-0ubuntu16 <none>
2024-04-23 15:31:27 status unpacked ec2-hibinit-agent:all 1.0.0-0ubuntu16
2024-04-23 15:31:27 status half-configured ec2-hibinit-agent:all 1.0.0-0ubuntu16
2024-04-23 15:31:27 status installed ec2-hibinit-agent:all 1.0.0-0ubuntu16
2024-04-23 15:31:27 trigproc man-db:amd64 2.12.0-4build2 <none>
2024-04-23 15:31:27 status half-configured man-db:amd64 2.12.0-4build2
2024-04-23 15:31:28 status installed man-db:amd64 2.12.0-4build2
2024-04-23 15:31:30 startup packages remove
2024-04-23 15:31:30 status installed systemd-timesyncd:amd64 255.4-1ubuntu8
2024-04-23 15:31:30 remove systemd-timesyncd:amd64 255.4-1ubuntu8 <none>
2024-04-23 15:31:30 status half-configured systemd-timesyncd:amd64 255.4-1ubuntu8
2024-04-23 15:31:30 status half-installed systemd-timesyncd:amd64 255.4-1ubuntu8
2024-04-23 15:31:30 status triggers-pending man-db:amd64 2.12.0-4build2
2024-04-23 15:31:30 status triggers-pending dbus:amd64 1.14.10-4ubuntu4
2024-04-23 15:31:30 status config-files systemd-timesyncd:amd64 255.4-1ubuntu8
2024-04-23 15:31:30 startup archives unpack
2024-04-23 15:31:30 install tzdata-legacy:all <none> 2024a-2ubuntu1
2024-04-23 15:31:30 status half-installed tzdata-legacy:all 2024a-2ubuntu1
2024-04-23 15:31:30 status unpacked tzdata-legacy:all 2024a-2ubuntu1
2024-04-23 15:31:30 install chrony:amd64 <none> 4.5-1ubuntu4
2024-04-23 15:31:30 status half-installed chrony:amd64 4.5-1ubuntu4
2024-04-23 15:31:30 status unpacked chrony:amd64 4.5-1ubuntu4
2024-04-23 15:31:30 startup packages configure
2024-04-23 15:31:30 configure tzdata-legacy:all 2024a-2ubuntu1 <none>
2024-04-23 15:31:30 status unpacked tzdata-legacy:all 2024a-2ubuntu1
2024-04-23 15:31:30 status half-configured tzdata-legacy:all 2024a-2ubuntu1
2024-04-23 15:31:30 status installed tzdata-legacy:all 2024a-2ubuntu1
2024-04-23 15:31:30 configure chrony:amd64 4.5-1ubuntu4 <none>
2024-04-23 15:31:30 status unpacked chrony:amd64 4.5-1ubuntu4
2024-04-23 15:31:30 status half-configured chrony:amd64 4.5-1ubuntu4
2024-04-23 15:31:31 status installed chrony:amd64 4.5-1ubuntu4
2024-04-23 15:31:31 trigproc dbus:amd64 1.14.10-4ubuntu4 <none>
2024-04-23 15:31:31 status half-configured dbus:amd64 1.14.10-4ubuntu4
2024-04-23 15:31:31 status installed dbus:amd64 1.14.10-4ubuntu4
2024-04-23 15:31:31 trigproc man-db:amd64 2.12.0-4build2 <none>
2024-04-23 15:31:31 status half-configured man-db:amd64 2.12.0-4build2
2024-04-23 15:31:31 status installed man-db:amd64 2.12.0-4build2
2024-04-23 15:31:34 startup packages configure
2024-04-23 15:31:34 startup packages purge
2024-04-23 15:31:34 purge systemd-timesyncd:amd64 255.4-1ubuntu8 <none>
2024-04-23 15:31:34 status config-files systemd-timesyncd:amd64 255.4-1ubuntu8
2024-04-23 15:31:34 status not-installed systemd-timesyncd:amd64 <none>
2024-04-23 15:31:34 startup packages configure
2024-04-23 15:31:51 startup archives unpack
2024-04-23 15:31:51 install irqbalance:amd64 <none> 1.9.3-2ubuntu5
2024-04-23 15:31:51 status half-installed irqbalance:amd64 1.9.3-2ubuntu5
2024-04-23 15:31:51 status triggers-pending man-db:amd64 2.12.0-4build2
2024-04-23 15:31:51 status unpacked irqbalance:amd64 1.9.3-2ubuntu5
2024-04-23 15:31:51 startup packages configure
2024-04-23 15:31:51 configure irqbalance:amd64 1.9.3-2ubuntu5 <none>
2024-04-23 15:31:51 status unpacked irqbalance:amd64 1.9.3-2ubuntu5
2024-04-23 15:31:51 status half-configured irqbalance:amd64 1.9.3-2ubuntu5
2024-04-23 15:31:51 status installed irqbalance:amd64 1.9.3-2ubuntu5
2024-04-23 15:31:51 trigproc man-db:amd64 2.12.0-4build2 <none>
2024-04-23 15:31:51 status half-configured man-db:amd64 2.12.0-4build2
2024-04-23 15:31:51 status installed man-db:amd64 2.12.0-4build2
