["2024-07-03T11:38:59.155", "DEBUG", "ubuntupro.config", "parse_config", 625, "Using client configuration file at /etc/ubuntu-advantage/uaclient.conf", {}]
["2024-07-03T11:38:59.157", "DEBUG", "ubuntupro.system", "load_file", 517, "Reading file: /etc/ubuntu-advantage/uaclient.conf", {}]
["2024-07-03T11:38:59.161", "DEBUG", "ubuntupro.files.files", "read", 60, "Tried to load /var/lib/ubuntu-advantage/user-config.json but file does not exist", {}]
["2024-07-03T11:38:59.169", "DEBUG", "ubuntupro.system", "load_file", 517, "Reading file: /etc/os-release", {}]
["2024-07-03T11:38:59.205", "DEBUG", "ubuntupro.system", "ensure_folder_absent", 729, "Tried to remove /var/lib/ubuntu-advantage/apt-esm/ but folder does not exist", {}]
["2024-07-03T11:38:59.205", "DEBUG", "ubuntupro.system", "create_file", 523, "Creating file: /var/lib/ubuntu-advantage/apt-esm/etc/apt/sources.list", {}]
["2024-07-03T11:38:59.206", "DEBUG", "ubuntupro.system", "create_file", 523, "Creating file: /var/lib/ubuntu-advantage/apt-esm/var/lib/dpkg/status", {}]
["2024-07-03T11:38:59.215", "DEBUG", "ubuntupro.config", "parse_config", 625, "Using client configuration file at /etc/ubuntu-advantage/uaclient.conf", {}]
["2024-07-03T11:38:59.218", "DEBUG", "ubuntupro.system", "load_file", 517, "Reading file: /etc/ubuntu-advantage/uaclient.conf", {}]
["2024-07-03T11:38:59.223", "DEBUG", "ubuntupro.files.files", "read", 60, "Tried to load /var/lib/ubuntu-advantage/user-config.json but file does not exist", {}]
["2024-07-03T11:38:59.226", "DEBUG", "ubuntupro.files.files", "read", 60, "Tried to load /var/lib/ubuntu-advantage/private/machine-token.json but file does not exist", {}]
["2024-07-03T11:38:59.335", "DEBUG", "ubuntupro.config", "read_cache", 443, "File does not exist: /var/lib/ubuntu-advantage/status.json", {}]
["2024-07-03T11:38:59.335", "DEBUG", "ubuntupro.files.files", "read", 60, "Tried to load /var/lib/ubuntu-advantage/private/machine-token.json but file does not exist", {}]
["2024-07-03T11:38:59.335", "DEBUG", "ubuntupro.system", "load_file", 517, "Reading file: /proc/version_signature", {}]
["2024-07-03T11:38:59.625", "DEBUG", "ubuntupro.files.files", "read", 60, "Tried to load /var/lib/ubuntu-advantage/private/machine-token.json but file does not exist", {}]
["2024-07-03T11:38:59.625", "DEBUG", "ubuntupro.http", "readurl", 349, "URL [GET]: https://contracts.canonical.com/v1/resources?architecture=amd64&kernel=6.8.0-1008-aws&series=noble&virt=xen, headers: {'accept': 'application/json', 'content-type': 'application/json', 'user-agent': 'UA-Client/31.2.3'}, data: None", {}]
["2024-07-03T11:38:59.628", "DEBUG", "ubuntupro.http", "should_use_pycurl", 208, "Should use pycurl: False", {}]
["2024-07-03T11:39:00.136", "DEBUG", "ubuntupro.http", "readurl", 389, "URL [GET] response: https://contracts.canonical.com/v1/resources?architecture=amd64&kernel=6.8.0-1008-aws&series=noble&virt=xen, headers: {'accept-ranges': 'bytes', 'cache-control': 'no-store, max-age=0', 'connection': 'close', 'content-length': '885', 'content-type': 'application/json', 'date': 'Wed, 03 Jul 2024 11:39:00 GMT', 'server': 'nginx/1.18.0 (Ubuntu)', 'strict-transport-security': 'max-age=15724800; includeSubDomains', 'x-cache-status': 'MISS from content-cache-il3/4', 'x-trace-id': 'a971fbb4-bb90-452e-90fd-60ea3c15b9c1'}, data: {'resources': [{'available': True, 'name': 'anbox-cloud'}, {'available': True, 'name': 'anbox-images'}, {'available': True, 'name': 'cc'}, {'available': False, 'name': 'cc-eal'}, {'available': False, 'name': 'cis', 'presentedAs': 'usg'}, {'available': False, 'name': 'esm'}, {'available': True, 'name': 'esm-apps'}, {'available': False, 'name': 'esm-apps-python'}, {'available': True, 'name': 'esm-infra'}, {'available': False, 'name': 'esm-infra-legacy'}, {'available': False, 'name': 'esm-python'}, {'available': False, 'name': 'esm-ros'}, {'available': False, 'name': 'fips'}, {'available': False, 'name': 'fips-preview'}, {'available': False, 'name': 'fips-updates'}, {'available': True, 'name': 'landscape'}, {'available': True, 'name': 'livepatch'}, {'available': True, 'name': 'livepatch-onprem'}, {'available': True, 'name': 'realtime-kernel'}, {'available': False, 'name': 'ros'}, {'available': False, 'name': 'ros-updates'}, {'available': True, 'name': 'support'}]}", {}]
["2024-07-03T11:39:00.136", "DEBUG", "ubuntupro.status", "_unattached_status", 295, "Ignoring availability of unknown service anbox-images from contract server", {}]
["2024-07-03T11:39:00.138", "DEBUG", "ubuntupro.status", "_unattached_status", 295, "Ignoring availability of unknown service cc from contract server", {}]
["2024-07-03T11:39:00.138", "DEBUG", "ubuntupro.status", "_unattached_status", 295, "Ignoring availability of unknown service esm from contract server", {}]
["2024-07-03T11:39:00.138", "DEBUG", "ubuntupro.status", "_unattached_status", 295, "Ignoring availability of unknown service esm-apps-python from contract server", {}]
["2024-07-03T11:39:00.138", "DEBUG", "ubuntupro.status", "_unattached_status", 295, "Ignoring availability of unknown service esm-infra-legacy from contract server", {}]
["2024-07-03T11:39:00.138", "DEBUG", "ubuntupro.status", "_unattached_status", 295, "Ignoring availability of unknown service esm-python from contract server", {}]
["2024-07-03T11:39:00.141", "DEBUG", "ubuntupro.status", "_unattached_status", 295, "Ignoring availability of unknown service esm-ros from contract server", {}]
["2024-07-03T11:39:00.142", "DEBUG", "ubuntupro.livepatch", "status", 126, "canonical-livepatch is not installed", {}]
["2024-07-03T11:39:00.142", "DEBUG", "ubuntupro.files.files", "read", 60, "Tried to load /run/ubuntu-advantage/livepatch-kernel-support-cache.json but file does not exist", {}]
["2024-07-03T11:39:00.142", "DEBUG", "ubuntupro.livepatch", "on_supported_kernel", 361, "using livepatch support api", {}]
["2024-07-03T11:39:00.142", "DEBUG", "ubuntupro.config", "parse_config", 625, "Using client configuration file at /etc/ubuntu-advantage/uaclient.conf", {}]
["2024-07-03T11:39:00.142", "DEBUG", "ubuntupro.system", "load_file", 517, "Reading file: /etc/ubuntu-advantage/uaclient.conf", {}]
["2024-07-03T11:39:00.145", "DEBUG", "ubuntupro.files.files", "read", 60, "Tried to load /var/lib/ubuntu-advantage/user-config.json but file does not exist", {}]
["2024-07-03T11:39:00.145", "DEBUG", "ubuntupro.http", "readurl", 349, "URL [GET]: https://livepatch.canonical.com/v1/api/kernels/supported?architecture=amd64&build-date=2024-04-20T00%3A46%3A25%2B00%3A00&codename=noble&flavour=aws&kernel-version=6.8, headers: {'accept': 'application/json', 'content-type': 'application/json', 'user-agent': 'UA-Client/31.2.3'}, data: None", {}]
["2024-07-03T11:39:00.145", "DEBUG", "ubuntupro.http", "should_use_pycurl", 208, "Should use pycurl: False", {}]
["2024-07-03T11:39:00.397", "DEBUG", "ubuntupro.http", "readurl", 389, "URL [GET] response: https://livepatch.canonical.com/v1/api/kernels/supported?architecture=amd64&build-date=2024-04-20T00%3A46%3A25%2B00%3A00&codename=noble&flavour=aws&kernel-version=6.8, headers: {'accept-ranges': 'bytes', 'cache-control': 'no-store, max-age=0', 'connection': 'close', 'content-length': '58', 'content-type': 'application/json', 'date': 'Wed, 03 Jul 2024 11:39:00 GMT', 'server': 'nginx/1.18.0 (Ubuntu)', 'strict-transport-security': 'max-age=15724800; includeSubDomains', 'x-cache-status': 'MISS from content-cache-il3/1'}, data: {'SruDate': datetime.datetime(2025, 5, 20, 0, 46, 25, tzinfo=datetime.timezone.utc), 'Supported': 'supported'}", {}]
["2024-07-03T11:39:00.398", "DEBUG", "ubuntupro.system", "write_file", 556, "Writing file /run/ubuntu-advantage/livepatch-kernel-support-cache.json atomically via tempfile /run/ubuntu-advantage/tmphjg4m5hn", {}]
["2024-07-03T11:39:00.398", "DEBUG", "ubuntupro.status", "_unattached_status", 295, "Ignoring availability of unknown service livepatch-onprem from contract server", {}]
["2024-07-03T11:39:00.398", "DEBUG", "ubuntupro.status", "_unattached_status", 295, "Ignoring availability of unknown service support from contract server", {}]
["2024-07-03T11:39:00.400", "DEBUG", "ubuntupro.system", "write_file", 556, "Writing file /var/lib/ubuntu-advantage/status.json atomically via tempfile /var/lib/ubuntu-advantage/tmpn4uwfgeo", {}]
["2024-07-03T11:39:00.402", "DEBUG", "ubuntupro.files.files", "read", 60, "Tried to load /var/lib/ubuntu-advantage/private/machine-token.json but file does not exist", {}]
["2024-07-03T11:39:00.402", "DEBUG", "ubuntupro.system", "write_file", 556, "Writing file /var/lib/ubuntu-advantage/apt-esm/etc/apt/sources.list.d/ubuntu-esm-apps.sources atomically via tempfile /var/lib/ubuntu-advantage/apt-esm/etc/apt/sources.list.d/tmpj3mcufya", {}]
["2024-07-03T11:39:00.939", "DEBUG", "ubuntupro.apt", "done", 891, "Fetched ESM Apt Cache item: gpgv:/var/lib/ubuntu-advantage/apt-esm/var/lib/apt/lists/partial/esm.ubuntu.com_apps_ubuntu_dists_noble-apps-security_InRelease", {}]
["2024-07-03T11:39:01.005", "DEBUG", "ubuntupro.apt", "done", 891, "Fetched ESM Apt Cache item: gpgv:/var/lib/ubuntu-advantage/apt-esm/var/lib/apt/lists/partial/esm.ubuntu.com_apps_ubuntu_dists_noble-apps-updates_InRelease", {}]
["2024-07-03T11:39:01.063", "DEBUG", "ubuntupro.apt", "done", 891, "Fetched ESM Apt Cache item: gpgv:/var/lib/ubuntu-advantage/apt-esm/var/lib/apt/lists/partial/esm.ubuntu.com_apps_ubuntu_dists_noble-apps-security_InRelease", {}]
["2024-07-03T11:39:01.170", "DEBUG", "ubuntupro.apt", "done", 891, "Fetched ESM Apt Cache item: store:/var/lib/ubuntu-advantage/apt-esm/var/lib/apt/lists/partial/esm.ubuntu.com_apps_ubuntu_dists_noble-apps-security_main_binary-amd64_Packages.gz", {}]
["2024-07-03T11:39:01.172", "DEBUG", "ubuntupro.apt", "done", 891, "Fetched ESM Apt Cache item: gpgv:/var/lib/ubuntu-advantage/apt-esm/var/lib/apt/lists/partial/esm.ubuntu.com_apps_ubuntu_dists_noble-apps-updates_InRelease", {}]
["2024-07-03T11:39:01.174", "DEBUG", "ubuntupro.apt", "done", 891, "Fetched ESM Apt Cache item: store:/var/lib/ubuntu-advantage/apt-esm/var/lib/apt/lists/partial/esm.ubuntu.com_apps_ubuntu_dists_noble-apps-security_main_binary-amd64_Packages.gz", {}]
["2024-07-03T11:39:01.248", "DEBUG", "ubuntupro.apt", "done", 891, "Fetched ESM Apt Cache item: store:/var/lib/ubuntu-advantage/apt-esm/var/lib/apt/lists/partial/esm.ubuntu.com_apps_ubuntu_dists_noble-apps-updates_main_binary-amd64_Packages.gz", {}]
["2024-07-03T11:39:01.248", "DEBUG", "ubuntupro.apt", "done", 891, "Fetched ESM Apt Cache item: store:/var/lib/ubuntu-advantage/apt-esm/var/lib/apt/lists/partial/esm.ubuntu.com_apps_ubuntu_dists_noble-apps-updates_main_binary-amd64_Packages.gz", {}]
["2024-07-03T11:39:06.320", "DEBUG", "ubuntupro.system", "load_file", 517, "Reading file: /run/ubuntu-advantage//aptnews.json", {}]
["2024-07-03T11:39:06.330", "DEBUG", "ubuntupro.apt_news", "fetch_and_process_apt_news", 171, "using msg: AptNewsMessage{'begin': datetime.datetime(2024, 7, 2, 0, 0, tzinfo=datetime.timezone.utc), 'end': None, 'selectors': None, 'lines': ['OpenSSH CVE-2024-6387 has been fixed for 22.04 LTS, 23.10 and 24.04 LTS.', 'RegreSSHion: Possible RCE Due To A Race Condition In Signal Handling.', 'For more details see: https://ubuntu.com/security/notices/USN-6859-1.']}", {}]
["2024-07-03T11:39:06.330", "DEBUG", "ubuntupro.system", "write_file", 556, "Writing file /var/lib/ubuntu-advantage/messages/apt-news-raw atomically via tempfile /var/lib/ubuntu-advantage/messages/tmp8lr53yz4", {}]
["2024-07-03T11:39:06.331", "DEBUG", "ubuntupro.system", "write_file", 556, "Writing file /var/lib/ubuntu-advantage/messages/apt-news atomically via tempfile /var/lib/ubuntu-advantage/messages/tmp7lazn51g", {}]
