2024-07-02 08:56:23 - User john.doe created successfully.
2024-07-02 08:56:23 - Failed to create group john.doe.
2024-07-02 08:56:23 - User john.doe added to personal group john.doe.
2024-07-02 08:56:23 - User john.doe added to group admin.
2024-07-02 08:56:23 - Group finance created.
2024-07-02 08:56:23 - User john.doe added to group finance.
2024-07-02 08:56:23 - Group hr created.
2024-07-02 08:56:23 - User john.doe added to group hr.
2024-07-02 08:56:23 - Password for user john.doe stored securely.
2024-07-02 08:56:23 - Permissions set for home directory of user john.doe.
2024-07-02 08:56:23 - User jane.smith created successfully.
2024-07-02 08:56:23 - Failed to create group jane.smith.
2024-07-02 08:56:23 - User jane.smith added to personal group jane.smith.
2024-07-02 08:56:23 - Group marketing created.
2024-07-02 08:56:23 - User jane.smith added to group marketing.
2024-07-02 08:56:23 - Group sales created.
2024-07-02 08:56:23 - User jane.smith added to group sales.
2024-07-02 08:56:23 - Password for user jane.smith stored securely.
2024-07-02 08:56:23 - Permissions set for home directory of user jane.smith.
2024-07-02 08:56:24 - User bob.jones created successfully.
2024-07-02 08:56:24 - Failed to create group bob.jones.
2024-07-02 08:56:24 - User bob.jones added to personal group bob.jones.
2024-07-02 08:56:24 - Group it created.
2024-07-02 08:56:24 - User bob.jones added to group it.
2024-07-02 08:56:24 - Group support created.
2024-07-02 08:56:24 - User bob.jones added to group support.
2024-07-02 08:56:24 - Group security created.
2024-07-02 08:56:24 - User bob.jones added to group security.
2024-07-02 08:56:24 - Password for user bob.jones stored securely.
2024-07-02 08:56:24 - Permissions set for home directory of user bob.jones.
2024-07-02 08:56:24 - User alice.williams created successfully.
2024-07-02 08:56:24 - Failed to create group alice.williams.
2024-07-02 08:56:24 - User alice.williams added to personal group alice.williams.
2024-07-02 08:56:24 - Group engineering created.
2024-07-02 08:56:24 - User alice.williams added to group engineering.
2024-07-02 08:56:24 - Group product created.
2024-07-02 08:56:24 - User alice.williams added to group product.
2024-07-02 08:56:24 - Password for user alice.williams stored securely.
2024-07-02 08:56:24 - Permissions set for home directory of user alice.williams.
2024-07-02 08:56:24 - User mike.brown created successfully.
2024-07-02 08:56:24 - Failed to create group mike.brown.
2024-07-02 08:56:24 - User mike.brown added to personal group mike.brown.
2024-07-02 08:56:24 - Group operations created.
2024-07-02 08:56:24 - User mike.brown added to group operations.
2024-07-02 08:56:24 - Group logistics created.
2024-07-02 08:56:24 - User mike.brown added to group logistics.
2024-07-02 08:56:24 - Password for user mike.brown stored securely.
2024-07-02 08:56:24 - Permissions set for home directory of user mike.brown.
2024-07-02 08:56:24 - User lisa.green created successfully.
2024-07-02 08:56:24 - Failed to create group lisa.green.
2024-07-02 08:56:24 - User lisa.green added to personal group lisa.green.
2024-07-02 08:56:25 - Group research created.
2024-07-02 08:56:25 - User lisa.green added to group research.
2024-07-02 08:56:25 - Group development created.
2024-07-02 08:56:25 - User lisa.green added to group development.
2024-07-02 08:56:25 - Password for user lisa.green stored securely.
2024-07-02 08:56:25 - Permissions set for home directory of user lisa.green.
2024-07-02 08:56:25 - User mark.white created successfully.
2024-07-02 08:56:25 - Failed to create group mark.white.
2024-07-02 08:56:25 - User mark.white added to personal group mark.white.
2024-07-02 08:56:25 - Group customer_service created.
2024-07-02 08:56:25 - User mark.white added to group customer_service.
2024-07-02 08:56:25 - Group quality_control created.
2024-07-02 08:56:25 - User mark.white added to group quality_control.
2024-07-02 08:56:25 - Password for user mark.white stored securely.
2024-07-02 08:56:25 - Permissions set for home directory of user mark.white.
2024-07-02 08:56:25 - User susan.taylor created successfully.
2024-07-02 08:56:25 - Failed to create group susan.taylor.
2024-07-02 08:56:25 - User susan.taylor added to personal group susan.taylor.
2024-07-02 08:56:25 - Group legal created.
2024-07-02 08:56:25 - User susan.taylor added to group legal.
2024-07-02 08:56:25 - Group compliance created.
2024-07-02 08:56:25 - User susan.taylor added to group compliance.
2024-07-02 08:56:25 - Password for user susan.taylor stored securely.
2024-07-02 08:56:25 - Permissions set for home directory of user susan.taylor.
2024-07-02 08:56:25 - User kevin.adams created successfully.
2024-07-02 08:56:25 - Failed to create group kevin.adams.
2024-07-02 08:56:25 - User kevin.adams added to personal group kevin.adams.
2024-07-02 08:56:25 - Group design created.
2024-07-02 08:56:25 - User kevin.adams added to group design.
2024-07-02 08:56:25 - Group creative created.
2024-07-02 08:56:25 - User kevin.adams added to group creative.
2024-07-02 08:56:25 - Password for user kevin.adams stored securely.
2024-07-02 08:56:25 - Permissions set for home directory of user kevin.adams.
2024-07-02 08:56:26 - User nancy.martin created successfully.
2024-07-02 08:56:26 - Failed to create group nancy.martin.
2024-07-02 08:56:26 - User nancy.martin added to personal group nancy.martin.
2024-07-02 08:56:26 - User nancy.martin added to group hr.
2024-07-02 08:56:26 - Group training created.
2024-07-02 08:56:26 - User nancy.martin added to group training.
2024-07-02 08:56:26 - Password for user nancy.martin stored securely.
2024-07-02 08:56:26 - Permissions set for home directory of user nancy.martin.
2024-07-02 08:56:26 - User creation process completed.
